registerShutdownHook...
Neo4j traverse called!
pattern: (p:Process)-[st:NetworkEvent{optype:"connect"}]->(n:Network{dstip:"128.55.12.110/32",dstport:22})
startTime: 1523553424209464226
startNode: 837684 edgeTime:1523553659115349607
jg generated by the backtrack has: 7 vertices and 8 edges.
after CPR: 7 vertices and 8 edges.
PROJECTION (1/(abs(r.amount-st.amount)+0.0001), ln(1+1/abs(r.endtime-st.endtime)), count(out(v))/count(in(v)))
computeFinalWeights invoked!
Within-group scattering matrix sw:
PageRankIteration called!!!!!!!!!!!!!!!!!!
PageRankIteration - After 33 times iteration, the reputation of each vertex is stable
PageRankIteration execution time is: 0.002
Expression: count(in(n))=0
Operator: =
Value: 0
 @@@@@ Top 1: id: 837684(Network) signature: 837684: 128.55.12.110/32:55048->128.55.12.110/32:22 reputation: 1.0
 @@@@@ Top 2: id: 837216(Network) signature: 837216: 128.55.12.110/32:43730->149.52.198.23/32:80 reputation: 0.9771325721647366
Neo4j traverse called!
Neo4j - Forward Cypher executed 5 s.
- internalJg vertices:0, edges:0
Neo4j traverse called!
Neo4j - Forward Cypher executed 0 s.
- internalJg vertices:420993, edges:1039978
createIntersectJg-jg1: 7 vertices and 8 edges. jg2(union forward graphs generated by entry nodes): 420993 vertices and 1039978 edges.
jgIntersect has: 5 vertices and 6 edges.
1111111111111111111 finaljg has: 5 vertices and 6 edges.
finaljg has: 5 vertices and 6 edges.
Executed in 320 seconds.
