registerShutdownHook...
Neo4j traverse called!
pattern: (p:Process)-[st:FileEvent{optype:"write"}]->(f:File{name:"/tmp/tcexec"})
startTime: 1523643594512000000
startNode: 43908806 edgeTime:1523643618976000000
jg generated by the first clause has: 267 vertices and 827 edges.
after CPR: 267 vertices and 827 edges.
PROJECTION (1/(abs(r.amount-st.amount)+0.0001), ln(1+1/abs(r.endtime-st.endtime)), count(out(v))/count(in(v)))
computeFinalWeights invoked!
Within-group scattering matrix sw:
After 2414 times iteration, the reputation of each vertex is stable
Expression: count(in(n))=0
Operator: =
Value: 0
 @@@@@ Top 1: id: 98416(File) signature: 98416: /etc/hosts reputation: 0.4602141471831685
 @@@@@ Top 2: id: 43908804(Network) signature: 43908804: 128.55.12.118/32:54159->128.55.12.73/32:143 reputation: 0.8043804804902088
 @@@@@ Top 3: id: 151036(File) signature: 151036: /etc/services reputation: 0.46008105762204365
Neo4j traverse called!
Neo4j - Forward Cypher executed 164 s.
- internalJg vertices:585036, edges:1247312
Neo4j traverse called!
Neo4j - Forward Cypher executed 15 s.
- internalJg vertices:11, edges:17
- jg vertices:585036, edges:1247312; internalJg vertices:11, edges:17

+ jg vertices:585036, edges:1247312

Neo4j traverse called!
Neo4j - Forward Cypher executed 16 s.
- internalJg vertices:2720, edges:21982
- jg vertices:585036, edges:1247312; internalJg vertices:2720, edges:21982

+ jg vertices:585255, edges:1248043

createIntersectJg-jg1: 267 vertices and 827 edges. jg2(union forward graphs generated by entry nodes): 585255 vertices and 1248043 edges.
jgIntersect has: 155 vertices and 474 edges.
++ Union multi ProGQL graphs executed in 0 seconds.
finaljg has: 155 vertices and 474 edges.
Executed in 1029 seconds.
