registerShutdownHook...
Neo4j traverse called!
pattern: (p:Process)-[st:FileEvent{optype:"write"}]->(f:File{name:"/tmp/tcexec"})
startTime: 1523643594512000000
startNode: 43908806 edgeTime:1523643618976000000
jg generated by the first clause has: 267 vertices and 827 edges.
after CPR: 267 vertices and 827 edges.
PROJECTION (1/(abs(r.amount-st.amount)+0.0001), ln(1+1/abs(r.endtime-st.endtime)), count(out(v))/count(in(v)))
computeFinalWeights invoked!
Within-group scattering matrix sw:
After 2496 times iteration, the reputation of each vertex is stable
Expression: count(in(n))=0
Operator: =
Value: 0
 @@@@@ Top 1: id: 13223(File) signature: 13223: /etc/nsswitch.conf reputation: 0.17080706524784361
 @@@@@ Top 2: id: 43908804(Network) signature: 43908804: 128.55.12.118/32:54159->128.55.12.73/32:143 reputation: 0.4430594443058614
 @@@@@ Top 3: id: 94124(File) signature: 94124: /etc/localtime reputation: 0.1708063169766176
Neo4j traverse called!
Neo4j - Forward Cypher executed 166 s.
- internalJg vertices:359910, edges:1014170
Neo4j traverse called!
Neo4j - Forward Cypher executed 13 s.
- internalJg vertices:11, edges:17
- jg vertices:359910, edges:1014170; internalJg vertices:11, edges:17

+ jg vertices:359910, edges:1014170

Neo4j traverse called!
Neo4j - Forward Cypher executed 17 s.
- internalJg vertices:355725, edges:1003457
- jg vertices:359910, edges:1014170; internalJg vertices:355725, edges:1003457

+ jg vertices:367834, edges:1028353

createIntersectJg-jg1: 267 vertices and 827 edges. jg2(union forward graphs generated by entry nodes): 367834 vertices and 1028353 edges.
jgIntersect has: 155 vertices and 474 edges.
++ Union multi ProGQL graphs executed in 0 seconds.
finaljg has: 155 vertices and 474 edges.
Executed in 1165 seconds.
