registerShutdownHook...
Neo4j traverse called!
pattern: (p:Process)-[st:FileEvent{optype:"write"}]->(f:File{name:"/tmp/tcexec"})
startTime: 1523643594512000000
startNode: 43908806 edgeTime:1523643618976000000
jg generated by the first clause has: 267 vertices and 827 edges.
after CPR: 267 vertices and 827 edges.
PROJECTION (1/(abs(r.amount-st.amount)+0.0001), ln(1+1/abs(r.endtime-st.endtime)), count(out(v))/count(in(v)))
computeFinalWeights invoked!
Within-group scattering matrix sw:
After 2416 times iteration, the reputation of each vertex is stable
Expression: count(in(n))=0
Operator: =
Value: 0
 @@@@@ Top 1: id: 98416(File) signature: 98416: /etc/hosts reputation: 0.46021414718317216
 @@@@@ Top 2: id: 43908804(Network) signature: 43908804: 128.55.12.118/32:54159->128.55.12.73/32:143 reputation: 0.8043804804902095
 @@@@@ Top 3: id: 43908790(Process) signature: 43908790: bash reputation: 0.8043804804902095
Neo4j traverse called!
Neo4j - Forward Cypher executed 167 s.
- internalJg vertices:585036, edges:1247312
Neo4j traverse called!
Neo4j - Forward Cypher executed 14 s.
- internalJg vertices:11, edges:17
- jg vertices:585036, edges:1247312; internalJg vertices:11, edges:17

+ jg vertices:585036, edges:1247312

Neo4j traverse called!
Neo4j - Forward Cypher executed 13 s.
- internalJg vertices:1, edges:0
- jg vertices:585036, edges:1247312; internalJg vertices:1, edges:0

+ jg vertices:585036, edges:1247312

createIntersectJg-jg1: 267 vertices and 827 edges. jg2(union forward graphs generated by entry nodes): 585036 vertices and 1247312 edges.
jgIntersect has: 154 vertices and 471 edges.
++ Union multi ProGQL graphs executed in 0 seconds.
finaljg has: 154 vertices and 471 edges.
Executed in 1014 seconds.
