MATCH (p:process)-[st:fileevent{optype:"rename"}]->(f:file{name:"/home/feishao/sysdigscripts/case7/case7.txt"}) RETURN id(p) as srcid, id(f) as dstid, st.amount as amount, st.starttime as starttime, st.endtime as endtime;startNode: 133975 edgeTime:1679372044752250775jg generated by the backtrack has: 1701 vertices and 2046735 edges.
after CPR: 1701 vertices and 6901 edges.
PROJECTION (1/(abs(r.amount-st.amount)+0.0001), ln(1+1/abs(r.endtime-st.endtime)), count(out(v))/count(in(v)))
computeFinalWeights invoked!
Within-group scattering matrix sw:
PageRankIteration called!!!!!!!!!!!!!!!!!!
PageRankIteration - After 2807 times iteration, the reputation of each vertex is stable
PageRankIteration execution time is: 2.472
Expression: count(in(n))=0
Operator: =
Value: 0
 @@@@@ Top 1: id: 133951(File) signature: 133951: /home/feishao/sysrep_test_temp/write_random_to_cwd.py reputation: 0.6558174394852757
 @@@@@ Top 2: id: 133919(Network) signature: 133919: 129.22.31.135/32:48830->162.125.6.18/32:443 reputation: 0.3186585377015073
 @@@@@ Top 3: id: 133894(File) signature: 133894: /home/feishao/sysdigscripts/case7/case7.sh reputation: 0.327257466409093
- internalJg vertices:6, edges:12
- internalJg vertices:19, edges:104
- internalJg vertices:31, edges:151
createIntersectJg-jg1: 1701 vertices and 6901 edges. jg2(union forward graphs generated by entry nodes): 32 vertices and 158 edges.
jgIntersect has: 26 vertices and 46 edges.
1111111111111111111 finaljg has: 26 vertices and 46 edges.
++ Union multi ProGQL graphs executed in 0 seconds.
finaljg has: 26 vertices and 46 edges.
Executed in 3533 seconds.
