select nt.id as nodeid, et.* from file nt join fileevent et on nt.id=et.dstid where nt.name='/home/feishao/hide_file.txt' and et.optype='rename'
startNode: 97522 edgeTime:1679362933087355818jg generated by the first clause has: 242 vertices and 43444 edges.
after CPR: 242 vertices and 1410 edges.
PROJECTION (1/(abs(r.amount-st.amount)+0.0001), ln(1+1/abs(r.endtime-st.endtime)), count(out(v))/count(in(v)))
PageRankIteration called!!!!!!!!!!!!!!!!!!
PageRankIteration - After 1959 times iteration, the reputation of each vertex is stable
PageRankIteration execution time is: 0.348
Expression: count(in(n))=0
Operator: =
Value: 0
 @@@@@ Top 1: id: 97443 signature: 97443: /home/feishao/sysdigscripts/case4/case4.sh reputation: 0.46217114448474045
 @@@@@ Top 2: id: 97488 signature: 97488: 129.22.31.135/32:59318->162.125.6.18/32:443 reputation: 0.4950079283372143
 @@@@@ Top 3: id: 1577 signature: 1577: /etc/gai.conf reputation: 0.3536351332602006
- internalJg vertices:23, edges:20726
- internalJg vertices:12, edges:20615
- jg vertices:23, edges:20726; internalJg vertices:12, edges:20615

+ jg vertices:23, edges:20726

- internalJg vertices:395, edges:8949459
- jg vertices:23, edges:20726; internalJg vertices:395, edges:8949459

+ jg vertices:396, edges:8949466

createIntersectJg-jg1: 242 vertices and 1410 edges. jg2(union forward graphs generated by entry nodes): 396 vertices and 8949466 edges.
jgIntersect has: 88 vertices and 261 edges.
Executed in 7198 seconds.
