registerShutdownHook...
select nt.id as nodeid, et.* from File nt join FileEvent et on nt.id=et.dstid where nt.name='/home/feishao/hide_file.txt' and et.optype='rename'
startNode: 97522 edgeTime:1679362933087355818Mixed - backward executed in 83 s.
jg generated by the first clause has: 242 vertices and 43444 edges.
after CPR: 242 vertices and 1420 edges.
PROJECTION (1/(abs(r.amount-st.amount)+0.0001), ln(1+1/abs(r.endtime-st.endtime)), count(out(v))/count(in(v)))
computeFinalWeights invoked!
Within-group scattering matrix sw:
After 1987 times iteration, the reputation of each vertex is stable
Expression: count(in(n))=0
Operator: =
Value: 0
 @@@@@ Top 1: id: 97443(File) signature: 97443: /home/feishao/sysdigscripts/case4/case4.sh reputation: 0.4890338860916659
 @@@@@ Top 2: id: 97488(Network) signature: 97488: 129.22.31.135/32:59318->162.125.6.18/32:443 reputation: 0.48704858640550275
Select id as eventid, srcid as parentid, starttime, endtime, optype, hostname, 0 as amount From processevent Where srcid=97443 union Select id as eventid, srcid as parentid, starttime, endtime, optype, hostname, amount From networkevent Where srcid=97443 union Select id as eventid, srcid as parentid, starttime, endtime, optype, hostname, amount From fileevent Where srcid=97443
Mixed - Forward sql query executed 0 s.
Mixed - Forward graphDb.findNode executed 0 s.
- internalJg vertices:23, edges:20726
Select id as eventid, srcid as parentid, starttime, endtime, optype, hostname, 0 as amount From processevent Where srcid=97488 union Select id as eventid, srcid as parentid, starttime, endtime, optype, hostname, amount From networkevent Where srcid=97488 union Select id as eventid, srcid as parentid, starttime, endtime, optype, hostname, amount From fileevent Where srcid=97488
Mixed - Forward sql query executed 0 s.
Mixed - Forward graphDb.findNode executed 0 s.
- internalJg vertices:12, edges:20615
- jg vertices:23, edges:20726; internalJg vertices:12, edges:20615

+ jg vertices:23, edges:20726

createIntersectJg-jg1: 242 vertices and 1420 edges. jg2(union forward graphs generated by entry nodes): 23 vertices and 20726 edges.
jgIntersect has: 22 vertices and 46 edges.
++ Union multi ProGQL graphs executed in 0 seconds.
finaljg has: 22 vertices and 46 edges.
Executed in 95 seconds.
