select nt.id as nodeid, et.* from File nt join FileEvent et on nt.id=et.dstid where nt.name='/home/feishao/sysdigscripts/case3/hide_file.txt' and et.optype='rename'
startNode: 80660 edgeTime:1679360163204249452Postgres - backward executed in 36 s.
jg generated by the first clause has: 193 vertices and 34242 edges.
after CPR: 193 vertices and 880 edges.
PROJECTION (1/(abs(r.amount-st.amount)+0.0001), ln(1+1/abs(r.endtime-st.endtime)), count(out(v))/count(in(v)))
computeFinalWeights invoked!
Within-group scattering matrix sw:
After 1821 times iteration, the reputation of each vertex is stable
Expression: count(in(n))=0
Operator: =
Value: 0
 @@@@@ Top 1: id: 80479(File) signature: 80479: /home/feishao/sysdigscripts/case3/case3.sh reputation: 0.5048305176720278
 @@@@@ Top 2: id: 80624(Network) signature: 80624: 129.22.31.135/32:53916->162.125.6.18/32:443 reputation: 0.5169682164398869
 @@@@@ Top 3: id: 1574(File) signature: 1574: /etc/wgetrc reputation: 0.47485584538486675
Select id as eventid, srcid as parentid, starttime, endtime, optype, hostname, 0 as amount From processevent Where srcid=80479 union Select id as eventid, srcid as parentid, starttime, endtime, optype, hostname, amount From networkevent Where srcid=80479 union Select id as eventid, srcid as parentid, starttime, endtime, optype, hostname, amount From fileevent Where srcid=80479
Postgres - Forward query executed 0 s.
- internalJg vertices:47, edges:25716
Select id as eventid, srcid as parentid, starttime, endtime, optype, hostname, 0 as amount From processevent Where srcid=80624 union Select id as eventid, srcid as parentid, starttime, endtime, optype, hostname, amount From networkevent Where srcid=80624 union Select id as eventid, srcid as parentid, starttime, endtime, optype, hostname, amount From fileevent Where srcid=80624
Postgres - Forward query executed 0 s.
- internalJg vertices:10, edges:20508
- jg vertices:47, edges:25716; internalJg vertices:10, edges:20508

+ jg vertices:47, edges:25716

Select id as eventid, srcid as parentid, starttime, endtime, optype, hostname, 0 as amount From processevent Where srcid=1574 union Select id as eventid, srcid as parentid, starttime, endtime, optype, hostname, amount From networkevent Where srcid=1574 union Select id as eventid, srcid as parentid, starttime, endtime, optype, hostname, amount From fileevent Where srcid=1574
Postgres - Forward query executed 0 s.
- internalJg vertices:209, edges:46952
- jg vertices:47, edges:25716; internalJg vertices:209, edges:46952

+ jg vertices:210, edges:46956

createIntersectJg-jg1: 193 vertices and 880 edges. jg2(union forward graphs generated by entry nodes): 210 vertices and 46956 edges.
jgIntersect has: 70 vertices and 212 edges.
++ Union multi ProGQL graphs executed in 0 seconds.
finaljg has: 70 vertices and 212 edges.
Executed in 82 seconds.
