registerShutdownHook...
Neo4j traverse called!
pattern: (p:Process)-[st:FileEvent{optype:"rename"}]->(f:File{name:"/home/feishao/sysdigscripts/case7/case7.txt"})
startTime: 1679372044594740508
startNode: 133975 edgeTime:1679372044752250775
jg generated by the first clause has: 1701 vertices and 2046735 edges.
after CPR: 1701 vertices and 6815 edges.
PROJECTION (1/(abs(r.amount-st.amount)+0.0001), ln(1+1/abs(r.endtime-st.endtime)), count(out(v))/count(in(v)))
Within-group scattering matrix sw:
PageRankIteration called!!!!!!!!!!!!!!!!!!
PageRankIteration - After 2829 times iteration, the reputation of each vertex is stable
PageRankIteration execution time is: 2.854
Expression: count(in(n))=0
Operator: =
Value: 0
 @@@@@ Top 1: id: 133951(File) signature: 133951: /home/feishao/sysrep_test_temp/write_random_to_cwd.py reputation: 0.6617062748904631
 @@@@@ Top 2: id: 133919(Network) signature: 133919: 129.22.31.135/32:48830->162.125.6.18/32:443 reputation: 0.33102436892962306
 @@@@@ Top 3: id: 81499(Process) signature: 81499: /usr/sbin/sshd reputation: 0.02110772282998968
 @@@@@ Top 4: id: 133894(File) signature: 133894: /home/feishao/sysdigscripts/case7/case7.sh reputation: 0.33972127831314247
Neo4j traverse called!
Neo4j - Forward Cypher executed 0 s.
- internalJg vertices:6, edges:12
Neo4j traverse called!
Neo4j - Forward Cypher executed 0 s.
- internalJg vertices:19, edges:104
- jg vertices:6, edges:12; internalJg vertices:19, edges:104

+ jg vertices:20, edges:111

Neo4j traverse called!
Neo4j - Forward Cypher executed 0 s.
- internalJg vertices:31, edges:151
- jg vertices:20, edges:111; internalJg vertices:31, edges:151

+ jg vertices:32, edges:158

createIntersectJg-jg1: 1701 vertices and 6815 edges. jg2(union forward graphs generated by entry nodes): 32 vertices and 158 edges.
jgIntersect has: 26 vertices and 46 edges.
++ Union multi ProGQL graphs executed in 0 seconds.
finaljg has: 26 vertices and 46 edges.
Executed in 645 seconds.
