select nt.id as nodeid, et.* from file nt join fileevent et on nt.id=et.dstid where nt.name='/tmp/john/password_crack.txt' and et.optype='write'
startNode: 2417 edgeTime:1587888685369949170jg generated by the first clause has: 566 vertices and 11693 edges.
after CPR: 566 vertices and 986 edges.
PROJECTION (1/(abs(r.amount-st.amount)+0.0001), ln(1+1/abs(r.endtime-st.endtime)), count(out(v))/count(in(v)))
PageRankIteration called!!!!!!!!!!!!!!!!!!
PageRankIteration - After 1437 times iteration, the reputation of each vertex is stable
PageRankIteration execution time is: 0.393
Expression: count(in(n))=0
Operator: =
Value: 0
 @@@@@ Top 1: id: 2384 signature: 2384: /etc/shadow reputation: 0.8769046712909898
 @@@@@ Top 2: id: 2334 signature: 2334: 192.168.29.207/32:56368->192.168.29.113/32:8000 reputation: 0.8214888062031764
 @@@@@ Top 3: id: 2385 signature: 2385: /etc/passwd reputation: 0.8769046712909898
 @@@@@ Top 4: id: 2311 signature: 2311: 10.0.2.15/32:59648->162.125.6.1/32:443 reputation: 0.7749463913859506
 @@@@@ Top 5: id: 2352 signature: 2352: /root/.gnupg/gpg.conf reputation: 0.8535719135017223
 @@@@@ Top 6: id: 2321 signature: 2321: 10.0.2.15/32:44856->162.125.6.6/32:443 reputation: 0.7749463913859506
 @@@@@ Top 7: id: 2353 signature: 2353: /root/.gnupg/secring.gpg reputation: 0.8535719135017223
 @@@@@ Top 8: id: 2138 signature: 2138: 192.168.29.207/32:56362->192.168.29.113/32:8000 reputation: 0.6494969321229598
- internalJg vertices:12, edges:33
- internalJg vertices:37, edges:26393
- jg vertices:12, edges:33; internalJg vertices:37, edges:26393

+ jg vertices:38, edges:26395

- internalJg vertices:12, edges:33
- jg vertices:38, edges:26395; internalJg vertices:12, edges:33

+ jg vertices:39, edges:26397

- internalJg vertices:43, edges:29493
- jg vertices:39, edges:26397; internalJg vertices:43, edges:29493

+ jg vertices:45, edges:29497

- internalJg vertices:34, edges:3046
- jg vertices:45, edges:29497; internalJg vertices:34, edges:3046

+ jg vertices:46, edges:29501

- internalJg vertices:43, edges:29453
- jg vertices:46, edges:29501; internalJg vertices:43, edges:29453

+ jg vertices:46, edges:29501

- internalJg vertices:34, edges:3043
- jg vertices:46, edges:29501; internalJg vertices:34, edges:3043

+ jg vertices:47, edges:29502

- internalJg vertices:61, edges:29685
- jg vertices:47, edges:29502; internalJg vertices:61, edges:29685

+ jg vertices:65, edges:29694

createIntersectJg-jg1: 566 vertices and 986 edges. jg2(union forward graphs generated by entry nodes): 65 vertices and 29694 edges.
jgIntersect has: 42 vertices and 78 edges.
Executed in 46 seconds.
