MATCH (p:process)-[st:fileevent{optype:"write"}]->(f:file{name:"/home/feishao/sysdigscripts/case5/target_file.txt"}) RETURN id(p) as srcid, id(f) as dstid, st.amount as amount, st.starttime as starttime, st.endtime as endtime;startNode: 109034 edgeTime:1679364503708808902jg generated by the first clause has: 262 vertices and 52292 edges.
after CPR: 262 vertices and 1650 edges.
PROJECTION (1/(abs(r.amount-st.amount)+0.0001), ln(1+1/abs(r.endtime-st.endtime)), count(out(v))/count(in(v)))
computeFinalWeights invoked!
Within-group scattering matrix sw:
After 2630 times iteration, the reputation of each vertex is stable
Expression: count(in(n))=0
Operator: =
Value: 0
 @@@@@ Top 1: id: 109011(File) signature: 109011: /home/feishao/sysdigscripts/case5/read_exp_data.py reputation: 0.5645577558969451
 @@@@@ Top 2: id: 108830(Network) signature: 108830: 129.22.31.135/32:44630->129.22.104.25/32:53 reputation: 0.15641454098445884
 @@@@@ Top 3: id: 109012(File) signature: 109012: /home/feishao/sysdigscripts/case5/sysrep_random_data?dl=0 reputation: 0.5645577558969451
 @@@@@ Top 4: id: 108926(Network) signature: 108926: 129.22.31.135/32:34074->162.125.6.18/32:443 reputation: 0.1518411793418075
 @@@@@ Top 5: id: 108783(File) signature: 108783: /home/feishao/sysdigscripts/case5/case5.sh reputation: 0.2731330408687783
 @@@@@ Top 6: id: 108978(Network) signature: 108978: 129.22.31.135/32:37140->162.125.6.15/32:443 reputation: 0.1518411793418075
- internalJg vertices:5, edges:10
- internalJg vertices:13, edges:20593
- jg vertices:5, edges:10; internalJg vertices:13, edges:20593

+ jg vertices:14, edges:20598

- internalJg vertices:5, edges:6110
- jg vertices:14, edges:20598; internalJg vertices:5, edges:6110

+ jg vertices:15, edges:26703

- internalJg vertices:10, edges:20568
- jg vertices:15, edges:26703; internalJg vertices:10, edges:20568

+ jg vertices:15, edges:26703

- internalJg vertices:22, edges:20663
- jg vertices:15, edges:26703; internalJg vertices:22, edges:20663

+ jg vertices:24, edges:26773

- internalJg vertices:10, edges:20528
- jg vertices:24, edges:26773; internalJg vertices:10, edges:20528

+ jg vertices:24, edges:26773

createIntersectJg-jg1: 262 vertices and 1650 edges. jg2(union forward graphs generated by entry nodes): 24 vertices and 26773 edges.
jgIntersect has: 22 vertices and 50 edges.
++ Union multi ProGQL graphs executed in 0 seconds.
finaljg has: 22 vertices and 50 edges.
Executed in 399 seconds.
