select nt.id as nodeid, et.* from file nt join fileevent et on nt.id=et.dstid where nt.name='/home/feishao/sysdigscripts/case6/malicious.py' and et.optype='rename'
startNode: 115337 edgeTime:1679365826393468458jg generated by the first clause has: 283 vertices and 46454 edges.
after CPR: 283 vertices and 1773 edges.
PROJECTION (1/(abs(r.amount-st.amount)+0.0001), ln(1+1/abs(r.endtime-st.endtime)), count(out(v))/count(in(v)))
computeFinalWeights invoked!
Within-group scattering matrix sw:
After 1846 times iteration, the reputation of each vertex is stable
Expression: count(in(n))=0
Operator: =
Value: 0
 @@@@@ Top 1: id: 115267(File) signature: 115267: /home/feishao/sysdigscripts/case6/case6.sh reputation: 0.6501563288038593
 @@@@@ Top 2: id: 115293(Network) signature: 115293: 129.22.31.135/32:36694->162.125.6.18/32:443 reputation: 0.6367623336501963
Select id as eventid, srcid as parentid, starttime, endtime, optype, hostname, 0 as amount From processevent Where srcid=115267 union Select id as eventid, srcid as parentid, starttime, endtime, optype, hostname, amount From networkevent Where srcid=115267 union Select id as eventid, srcid as parentid, starttime, endtime, optype, hostname, amount From fileevent Where srcid=115267
- internalJg vertices:22, edges:128
Select id as eventid, srcid as parentid, starttime, endtime, optype, hostname, 0 as amount From processevent Where srcid=115293 union Select id as eventid, srcid as parentid, starttime, endtime, optype, hostname, amount From networkevent Where srcid=115293 union Select id as eventid, srcid as parentid, starttime, endtime, optype, hostname, amount From fileevent Where srcid=115293
- internalJg vertices:10, edges:83
- jg vertices:22, edges:128; internalJg vertices:10, edges:83

+ jg vertices:22, edges:128

createIntersectJg-jg1: 283 vertices and 1773 edges. jg2(union forward graphs generated by entry nodes): 22 vertices and 128 edges.
jgIntersect has: 21 vertices and 47 edges.
++ Union multi ProGQL graphs executed in 0 seconds.
finaljg has: 21 vertices and 47 edges.
Executed in 22 seconds.
