select nt.id as nodeid, et.* from file nt join fileevent et on nt.id=et.dstid where nt.name='/home/feishao/sysrep_random' and et.optype='write'
startNode: 1706 edgeTime:1679365829985208769jg generated by the backtrack has: 296 vertices and 46798 edges.
after CPR: 296 vertices and 1967 edges.
PROJECTION (1/(abs(r.amount-st.amount)+0.0001), ln(1+1/abs(r.endtime-st.endtime)), count(out(v))/count(in(v)))
computeFinalWeights invoked!
Within-group scattering matrix sw:
PageRankIteration called!!!!!!!!!!!!!!!!!!
PageRankIteration - After 2470 times iteration, the reputation of each vertex is stable
PageRankIteration execution time is: 0.466
Expression: count(in(n))=0
Operator: =
Value: 0
 @@@@@ Top 1: id: 1675(File) signature: 1675: /home/feishao/sysrep_test_temp/python_write_random_data.py reputation: 0.9738177088123907
 @@@@@ Top 2: id: 1578(Network) signature: 1578: 129.22.31.135/32:33288->162.125.6.18/32:443 reputation: 0.24435049493955788
 @@@@@ Top 3: id: 1337(File) signature: 1337: /home/feishao/sysdigscripts/case1/case1.py reputation: 0.18594718051728715
 @@@@@ Top 4: id: 1644(Network) signature: 1644: 129.22.31.135/32:36352->162.125.6.15/32:443 reputation: 0.24435049493955788
 @@@@@ Top 5: id: 115267(File) signature: 115267: /home/feishao/sysdigscripts/case6/case6.sh reputation: 0.16820255347554
- internalJg vertices:4, edges:8
- internalJg vertices:17, edges:98
- internalJg vertices:32, edges:204
- internalJg vertices:17, edges:58
- internalJg vertices:1, edges:0
createIntersectJg-jg1: 296 vertices and 1967 edges. jg2(union forward graphs generated by entry nodes): 34 vertices and 209 edges.
jgIntersect has: 31 vertices and 65 edges.
1111111111111111111 finaljg has: 31 vertices and 65 edges.
finaljg has: 31 vertices and 65 edges.
Executed in 25 seconds.
