registerShutdownHook...
select nt.id as nodeid, et.* from File nt join FileEvent et on nt.id=et.dstid where nt.name='/home/feishao/sysdigscripts/case7/case7.txt' and et.optype='rename'
startNode: 133975 edgeTime:1679372044752250775Mixed - backward executed in 611 s.
jg generated by the first clause has: 1701 vertices and 2046735 edges.
after CPR: 1701 vertices and 6901 edges.
PROJECTION (1/(abs(r.amount-st.amount)+0.0001), ln(1+1/abs(r.endtime-st.endtime)), count(out(v))/count(in(v)))
computeFinalWeights invoked!
Within-group scattering matrix sw:
After 2814 times iteration, the reputation of each vertex is stable
Expression: count(in(n))=0
Operator: =
Value: 0
 @@@@@ Top 1: id: 133951(File) signature: 133951: /home/feishao/sysrep_test_temp/write_random_to_cwd.py reputation: 0.6894370419261671
 @@@@@ Top 2: id: 133919(Network) signature: 133919: 129.22.31.135/32:48830->162.125.6.18/32:443 reputation: 0.20112137677781064
 @@@@@ Top 3: id: 133894(File) signature: 133894: /home/feishao/sysdigscripts/case7/case7.sh reputation: 0.21785918594407996
Select id as eventid, srcid as parentid, starttime, endtime, optype, hostname, 0 as amount From processevent Where srcid=133951 union Select id as eventid, srcid as parentid, starttime, endtime, optype, hostname, amount From networkevent Where srcid=133951 union Select id as eventid, srcid as parentid, starttime, endtime, optype, hostname, amount From fileevent Where srcid=133951
Mixed - Forward sql query executed 0 s.
Mixed - Forward graphDb.findNode executed 0 s.
- internalJg vertices:6, edges:12
Select id as eventid, srcid as parentid, starttime, endtime, optype, hostname, 0 as amount From processevent Where srcid=133919 union Select id as eventid, srcid as parentid, starttime, endtime, optype, hostname, amount From networkevent Where srcid=133919 union Select id as eventid, srcid as parentid, starttime, endtime, optype, hostname, amount From fileevent Where srcid=133919
Mixed - Forward sql query executed 0 s.
Mixed - Forward graphDb.findNode executed 0 s.
- internalJg vertices:19, edges:104
- jg vertices:6, edges:12; internalJg vertices:19, edges:104

+ jg vertices:20, edges:111

Select id as eventid, srcid as parentid, starttime, endtime, optype, hostname, 0 as amount From processevent Where srcid=133894 union Select id as eventid, srcid as parentid, starttime, endtime, optype, hostname, amount From networkevent Where srcid=133894 union Select id as eventid, srcid as parentid, starttime, endtime, optype, hostname, amount From fileevent Where srcid=133894
Mixed - Forward sql query executed 0 s.
Mixed - Forward graphDb.findNode executed 0 s.
- internalJg vertices:31, edges:151
- jg vertices:20, edges:111; internalJg vertices:31, edges:151

+ jg vertices:32, edges:158

createIntersectJg-jg1: 1701 vertices and 6901 edges. jg2(union forward graphs generated by entry nodes): 32 vertices and 158 edges.
jgIntersect has: 26 vertices and 46 edges.
++ Union multi ProGQL graphs executed in 0 seconds.
finaljg has: 26 vertices and 46 edges.
Executed in 625 seconds.
