MATCH (p:process)-[st:fileevent{optype:"write"}]->(f:file{name:"/home/feishao/sysrep_random"}) RETURN id(p) as srcid, id(f) as dstid, st.amount as amount, st.starttime as starttime, st.endtime as endtime;startNode: 1706 edgeTime:1679365829985208769jg generated by the first clause has: 296 vertices and 46798 edges.
after CPR: 296 vertices and 1950 edges.
PROJECTION (1/(abs(r.amount-st.amount)+0.0001), ln(1+1/abs(r.endtime-st.endtime)), count(out(v))/count(in(v)))
PageRankIteration called!!!!!!!!!!!!!!!!!!
PageRankIteration - After 2444 times iteration, the reputation of each vertex is stable
PageRankIteration execution time is: 0.651
Expression: count(in(n))=0
Operator: =
Value: 0
 @@@@@ Top 1: id: 1675 signature: 1675: /home/feishao/sysrep_test_temp/python_write_random_data.py reputation: 0.9736245288488514
 @@@@@ Top 2: id: 1578 signature: 1578: 129.22.31.135/32:33288->162.125.6.18/32:443 reputation: 0.25495655366378195
 @@@@@ Top 3: id: 1337 signature: 1337: /home/feishao/sysdigscripts/case1/case1.py reputation: 0.20113116333097672
- internalJg vertices:4, edges:8
- internalJg vertices:17, edges:98
- jg vertices:4, edges:8; internalJg vertices:17, edges:98

+ jg vertices:18, edges:103

- internalJg vertices:32, edges:204
- jg vertices:18, edges:103; internalJg vertices:32, edges:204

+ jg vertices:33, edges:209

createIntersectJg-jg1: 296 vertices and 1950 edges. jg2(union forward graphs generated by entry nodes): 33 vertices and 209 edges.
jgIntersect has: 31 vertices and 64 edges.
Executed in 242 seconds.
