registerShutdownHook...
select nt.id as nodeid, et.* from File nt join FileEvent et on nt.id=et.dstid where nt.name='/tmp/tcexec' and et.optype='write'
startNode: 43908806 edgeTime:1523643618976000000Mixed - backward executed in 156 s.
jg generated by the first clause has: 267 vertices and 827 edges.
after CPR: 267 vertices and 827 edges.
PROJECTION (1/(abs(r.amount-st.amount)+0.0001), ln(1+1/abs(r.endtime-st.endtime)), count(out(v))/count(in(v)))
computeFinalWeights invoked!
Within-group scattering matrix sw:
After 2416 times iteration, the reputation of each vertex is stable
Expression: count(in(n))=0
Operator: =
Value: 0
 @@@@@ Top 1: id: 98416(File) signature: 98416: /etc/hosts reputation: 0.46021414718317216
 @@@@@ Top 2: id: 43908804(Network) signature: 43908804: 128.55.12.118/32:54159->128.55.12.73/32:143 reputation: 0.8043804804902095
 @@@@@ Top 3: id: 43908790(Process) signature: 43908790: bash reputation: 0.8043804804902095
Select id as eventid, srcid as parentid, starttime, endtime, optype, hostname, 0 as amount From processevent Where srcid=98416 union Select id as eventid, srcid as parentid, starttime, endtime, optype, hostname, amount From networkevent Where srcid=98416 union Select id as eventid, srcid as parentid, starttime, endtime, optype, hostname, amount From fileevent Where srcid=98416
Mixed - Forward sql query executed 11 s.
Mixed - Forward graphDb.findNode executed 11 s.
- internalJg vertices:585036, edges:1247312
Select id as eventid, srcid as parentid, starttime, endtime, optype, hostname, 0 as amount From processevent Where srcid=43908804 union Select id as eventid, srcid as parentid, starttime, endtime, optype, hostname, amount From networkevent Where srcid=43908804 union Select id as eventid, srcid as parentid, starttime, endtime, optype, hostname, amount From fileevent Where srcid=43908804
Mixed - Forward sql query executed 0 s.
Mixed - Forward graphDb.findNode executed 0 s.
- internalJg vertices:11, edges:17
- jg vertices:585036, edges:1247312; internalJg vertices:11, edges:17

+ jg vertices:585036, edges:1247312

Select id as eventid, srcid as parentid, starttime, endtime, optype, hostname, 0 as amount From processevent Where srcid=43908790 union Select id as eventid, srcid as parentid, starttime, endtime, optype, hostname, amount From networkevent Where srcid=43908790 union Select id as eventid, srcid as parentid, starttime, endtime, optype, hostname, amount From fileevent Where srcid=43908790
Mixed - Forward sql query executed 0 s.
Mixed - Forward graphDb.findNode executed 0 s.
- internalJg vertices:1, edges:0
- jg vertices:585036, edges:1247312; internalJg vertices:1, edges:0

+ jg vertices:585036, edges:1247312

createIntersectJg-jg1: 267 vertices and 827 edges. jg2(union forward graphs generated by entry nodes): 585036 vertices and 1247312 edges.
jgIntersect has: 154 vertices and 471 edges.
++ Union multi ProGQL graphs executed in 0 seconds.
finaljg has: 154 vertices and 471 edges.
Executed in 1097 seconds.
