registerShutdownHook...
Neo4j traverse called!
pattern: (p:Process)-[st:FileEvent{optype:"rename"}]->(f:File{name:"/home/feishao/sysdigscripts/case7/case7.txt"})
startTime: 1679372044594740508
startNode: 133975 edgeTime:1679372044752250775
jg generated by the first clause has: 1701 vertices and 2046735 edges.
after CPR: 1701 vertices and 6815 edges.
PROJECTION (1/(abs(r.amount-st.amount)+0.0001), ln(1+1/abs(r.endtime-st.endtime)), count(out(v))/count(in(v)))
PageRankIteration called!!!!!!!!!!!!!!!!!!
PageRankIteration - After 2801 times iteration, the reputation of each vertex is stable
PageRankIteration execution time is: 2.581
Expression: count(in(n))=0
Operator: =
Value: 0
 @@@@@ Top 1: id: 133951 signature: 133951: /home/feishao/sysrep_test_temp/write_random_to_cwd.py reputation: 0.7902251284024765
 @@@@@ Top 2: id: 133919 signature: 133919: 129.22.31.135/32:48830->162.125.6.18/32:443 reputation: 0.3016487493438927
 @@@@@ Top 3: id: 81499 signature: 81499: /usr/sbin/sshd reputation: 0.04411121862442269
 @@@@@ Top 4: id: 133894 signature: 133894: /home/feishao/sysdigscripts/case7/case7.sh reputation: 0.3094982251888597
Neo4j traverse called!
Neo4j - Forward Cypher executed 0 s.
- internalJg vertices:6, edges:12
Neo4j traverse called!
Neo4j - Forward Cypher executed 0 s.
- internalJg vertices:19, edges:104
- jg vertices:6, edges:12; internalJg vertices:19, edges:104

+ jg vertices:20, edges:111

Neo4j traverse called!
Neo4j - Forward Cypher executed 0 s.
- internalJg vertices:75, edges:14549826
- jg vertices:20, edges:111; internalJg vertices:75, edges:14549826

+ jg vertices:76, edges:14549833

Neo4j traverse called!
Neo4j - Forward Cypher executed 0 s.
- internalJg vertices:31, edges:151
- jg vertices:76, edges:14549833; internalJg vertices:31, edges:151

+ jg vertices:77, edges:14549839

createIntersectJg-jg1: 1701 vertices and 6815 edges. jg2(union forward graphs generated by entry nodes): 77 vertices and 14549839 edges.
jgIntersect has: 59 vertices and 205 edges.
Executed in 1394 seconds.
