registerShutdownHook...
select nt.id as nodeid, et.* from File nt join FileEvent et on nt.id=et.dstid where nt.name='\Device\HarddiskVolume2\Program Files\Mozilla Firefox\add-on\hJauWl01' and et.optype='write'
startNode: 582231 edgeTime:1523546115514000000Mixed - backward executed in 3 s.
jg generated by the first clause has: 8 vertices and 17 edges.
after CPR: 8 vertices and 17 edges.
PROJECTION (1/(abs(r.amount-st.amount)+0.0001), ln(1+1/abs(r.endtime-st.endtime)), count(out(v))/count(in(v)))
PageRankIteration called!!!!!!!!!!!!!!!!!!
PageRankIteration - After 2226 times iteration, the reputation of each vertex is stable
PageRankIteration execution time is: 0.054
Expression: count(in(n))=0
Operator: =
Value: 0
 @@@@@ Top 1: id: 13259 signature: 13259: \Device\HarddiskVolume2\Windows\Prefetch\PASS_MGR.EXE-8B30272C.pf reputation: 0.07569459626010076
Select id as eventid, srcid as parentid, starttime, endtime, optype, hostname, 0 as amount From processevent Where srcid=13259 union Select id as eventid, srcid as parentid, starttime, endtime, optype, hostname, amount From networkevent Where srcid=13259 union Select id as eventid, srcid as parentid, starttime, endtime, optype, hostname, amount From fileevent Where srcid=13259
Mixed - Forward sql query executed 0 s.
Mixed - Forward graphDb.findNode executed 0 s.
- internalJg vertices:84208, edges:604836
createIntersectJg-jg1: 8 vertices and 17 edges. jg2(union forward graphs generated by entry nodes): 84208 vertices and 604836 edges.
jgIntersect has: 8 vertices and 17 edges.
Executed in 230 seconds.
