registerShutdownHook...
select nt.id as nodeid, et.* from Network nt join NetworkEvent et on nt.id=et.dstid where nt.dstip='128.55.12.110/32' and  nt.dstport='22' and et.optype='connect'
startNode: 837684 edgeTime:1523553659115349607Mixed - backward executed in 26 s.
jg generated by the first clause has: 7 vertices and 8 edges.
after CPR: 7 vertices and 8 edges.
PROJECTION (1/(abs(r.amount-st.amount)+0.0001), ln(1+1/abs(r.endtime-st.endtime)), count(out(v))/count(in(v)))
PageRankIteration called!!!!!!!!!!!!!!!!!!
PageRankIteration - After 33 times iteration, the reputation of each vertex is stable
PageRankIteration execution time is: 0.002
Expression: count(in(n))=0
Operator: =
Value: 0
 @@@@@ Top 1: id: 837684 signature: 837684: 128.55.12.110/32:55048->128.55.12.110/32:22 reputation: 1.0
 @@@@@ Top 2: id: 837206 signature: 837206: /home/admin/profile reputation: 0.9673523405958401
 @@@@@ Top 3: id: 837216 signature: 837216: 128.55.12.110/32:43730->149.52.198.23/32:80 reputation: 0.9771235763594345
Select id as eventid, srcid as parentid, starttime, endtime, optype, hostname, 0 as amount From processevent Where srcid=837684 union Select id as eventid, srcid as parentid, starttime, endtime, optype, hostname, amount From networkevent Where srcid=837684 union Select id as eventid, srcid as parentid, starttime, endtime, optype, hostname, amount From fileevent Where srcid=837684
Mixed - Forward sql query executed 0 s.
Mixed - Forward graphDb.findNode executed 0 s.
- internalJg vertices:1, edges:0
Select id as eventid, srcid as parentid, starttime, endtime, optype, hostname, 0 as amount From processevent Where srcid=837206 union Select id as eventid, srcid as parentid, starttime, endtime, optype, hostname, amount From networkevent Where srcid=837206 union Select id as eventid, srcid as parentid, starttime, endtime, optype, hostname, amount From fileevent Where srcid=837206
Mixed - Forward sql query executed 0 s.
Mixed - Forward graphDb.findNode executed 0 s.
- internalJg vertices:420993, edges:1039977
- jg vertices:1, edges:0; internalJg vertices:420993, edges:1039977

+ jg vertices:420993, edges:1039977

Select id as eventid, srcid as parentid, starttime, endtime, optype, hostname, 0 as amount From processevent Where srcid=837216 union Select id as eventid, srcid as parentid, starttime, endtime, optype, hostname, amount From networkevent Where srcid=837216 union Select id as eventid, srcid as parentid, starttime, endtime, optype, hostname, amount From fileevent Where srcid=837216
Mixed - Forward sql query executed 0 s.
Mixed - Forward graphDb.findNode executed 0 s.
- internalJg vertices:420993, edges:1039978
- jg vertices:420993, edges:1039977; internalJg vertices:420993, edges:1039978

+ jg vertices:420993, edges:1039978

createIntersectJg-jg1: 7 vertices and 8 edges. jg2(union forward graphs generated by entry nodes): 420993 vertices and 1039978 edges.
jgIntersect has: 5 vertices and 6 edges.
Executed in 407 seconds.
