select nt.id as nodeid, et.* from file nt join fileevent et on nt.id=et.dstid where nt.name='/home/feishao/sysdigscripts/case7/case7.txt' and et.optype='rename'
startNode: 133975 edgeTime:1679372044752250775jg generated by the first clause has: 1701 vertices and 2046735 edges.
after CPR: 1701 vertices and 6815 edges.
PROJECTION (1/(abs(r.amount-st.amount)+0.0001), ln(1+1/abs(r.endtime-st.endtime)), count(out(v))/count(in(v)))
PageRankIteration called!!!!!!!!!!!!!!!!!!
PageRankIteration - After 2829 times iteration, the reputation of each vertex is stable
PageRankIteration execution time is: 3.086
Expression: count(in(n))=0
Operator: =
Value: 0
 @@@@@ Top 1: id: 133951 signature: 133951: /home/feishao/sysrep_test_temp/write_random_to_cwd.py reputation: 0.6617062748904631
 @@@@@ Top 2: id: 133919 signature: 133919: 129.22.31.135/32:48830->162.125.6.18/32:443 reputation: 0.33102436892962306
 @@@@@ Top 3: id: 81499 signature: 81499: /usr/sbin/sshd reputation: 0.02110772282998968
 @@@@@ Top 4: id: 133894 signature: 133894: /home/feishao/sysdigscripts/case7/case7.sh reputation: 0.33972127831314247
Select id as eventid, srcid as parentid, starttime, endtime, optype, hostname, 0 as amount From processevent Where srcid=133951 union Select id as eventid, srcid as parentid, starttime, endtime, optype, hostname, amount From networkevent Where srcid=133951 union Select id as eventid, srcid as parentid, starttime, endtime, optype, hostname, amount From fileevent Where srcid=133951
- internalJg vertices:6, edges:12
Select id as eventid, srcid as parentid, starttime, endtime, optype, hostname, 0 as amount From processevent Where srcid=133919 union Select id as eventid, srcid as parentid, starttime, endtime, optype, hostname, amount From networkevent Where srcid=133919 union Select id as eventid, srcid as parentid, starttime, endtime, optype, hostname, amount From fileevent Where srcid=133919
- internalJg vertices:19, edges:104
- jg vertices:6, edges:12; internalJg vertices:19, edges:104

+ jg vertices:20, edges:111

Select id as eventid, srcid as parentid, starttime, endtime, optype, hostname, 0 as amount From processevent Where srcid=81499 union Select id as eventid, srcid as parentid, starttime, endtime, optype, hostname, amount From networkevent Where srcid=81499 union Select id as eventid, srcid as parentid, starttime, endtime, optype, hostname, amount From fileevent Where srcid=81499
- internalJg vertices:75, edges:14549826
- jg vertices:20, edges:111; internalJg vertices:75, edges:14549826

+ jg vertices:76, edges:14549833

Select id as eventid, srcid as parentid, starttime, endtime, optype, hostname, 0 as amount From processevent Where srcid=133894 union Select id as eventid, srcid as parentid, starttime, endtime, optype, hostname, amount From networkevent Where srcid=133894 union Select id as eventid, srcid as parentid, starttime, endtime, optype, hostname, amount From fileevent Where srcid=133894
- internalJg vertices:31, edges:151
- jg vertices:76, edges:14549833; internalJg vertices:31, edges:151

+ jg vertices:77, edges:14549839

createIntersectJg-jg1: 1701 vertices and 6815 edges. jg2(union forward graphs generated by entry nodes): 77 vertices and 14549839 edges.
jgIntersect has: 59 vertices and 205 edges.
Executed in 5842 seconds.
