select nt.id as nodeid, et.* from File nt join FileEvent et on nt.id=et.dstid where nt.name='/home/feishao/sysrep_random' and et.optype='write'
startNode: 414 edgeTime:1701466140901743182Postgres - backward executed in 0 s.
jg generated by the first clause has: 113 vertices and 621 edges.
after CPR: 113 vertices and 329 edges.
PROJECTION (1/(abs(r.amount-st.amount)+0.0001), ln(1+1/abs(r.endtime-st.endtime)), count(out(v))/count(in(v)))
PageRankIteration called!!!!!!!!!!!!!!!!!!
PageRankIteration - After 1029 times iteration, the reputation of each vertex is stable
PageRankIteration execution time is: 0.139
Expression: count(in(n))=0
Operator: =
Value: 0
 @@@@@ Top 1: id: 397 signature: 397: /home/feishao/sysrep_test_temp/python_write_random_data.py reputation: 0.9724562102240938
 @@@@@ Top 2: id: 355 signature: 355: 129.22.31.135/32:53048->162.125.3.18/32:443 reputation: 0.629614862485855
 @@@@@ Top 3: id: 343 signature: 343: /etc/wgetrc reputation: 0.629614862485855
 @@@@@ Top 4: id: 371 signature: 371: 129.22.31.135/32:51262->162.125.3.15/32:443 reputation: 0.629614862485855
 @@@@@ Top 5: id: 344 signature: 344: /home/feishao/.wget-hsts reputation: 0.629614862485855
 @@@@@ Top 6: id: 296 signature: 296: 129.22.31.135/32:44204->129.22.104.25/32:53 reputation: 0.5718645699285547
 @@@@@ Top 7: id: 346 signature: 346: /dev/urandom reputation: 0.629614862485855
 @@@@@ Top 8: id: 354 signature: 354: /etc/gai.conf reputation: 0.629614862485855
 @@@@@ Top 9: id: 233 signature: 233: /etc/localtime reputation: 0.6113854007436974
 @@@@@ Top 10: id: 231 signature: 231: /home/feishao/sysdigscripts/case1/case1.py reputation: 0.5918602669392284
Select id as eventid, srcid as parentid, starttime, endtime, optype, hostname, 0 as amount From processevent Where srcid=397 union Select id as eventid, srcid as parentid, starttime, endtime, optype, hostname, amount From networkevent Where srcid=397 union Select id as eventid, srcid as parentid, starttime, endtime, optype, hostname, amount From fileevent Where srcid=397
Postgres - Forward query executed 0 s.
- internalJg vertices:4, edges:8
Select id as eventid, srcid as parentid, starttime, endtime, optype, hostname, 0 as amount From processevent Where srcid=355 union Select id as eventid, srcid as parentid, starttime, endtime, optype, hostname, amount From networkevent Where srcid=355 union Select id as eventid, srcid as parentid, starttime, endtime, optype, hostname, amount From fileevent Where srcid=355
Postgres - Forward query executed 0 s.
- internalJg vertices:17, edges:96
- jg vertices:4, edges:8; internalJg vertices:17, edges:96

+ jg vertices:18, edges:101

Select id as eventid, srcid as parentid, starttime, endtime, optype, hostname, 0 as amount From processevent Where srcid=343 union Select id as eventid, srcid as parentid, starttime, endtime, optype, hostname, amount From networkevent Where srcid=343 union Select id as eventid, srcid as parentid, starttime, endtime, optype, hostname, amount From fileevent Where srcid=343
Postgres - Forward query executed 0 s.
- internalJg vertices:18, edges:108
- jg vertices:18, edges:101; internalJg vertices:18, edges:108

+ jg vertices:19, edges:113

Select id as eventid, srcid as parentid, starttime, endtime, optype, hostname, 0 as amount From processevent Where srcid=371 union Select id as eventid, srcid as parentid, starttime, endtime, optype, hostname, amount From networkevent Where srcid=371 union Select id as eventid, srcid as parentid, starttime, endtime, optype, hostname, amount From fileevent Where srcid=371
Postgres - Forward query executed 0 s.
- internalJg vertices:17, edges:58
- jg vertices:19, edges:113; internalJg vertices:17, edges:58

+ jg vertices:19, edges:113

Select id as eventid, srcid as parentid, starttime, endtime, optype, hostname, 0 as amount From processevent Where srcid=344 union Select id as eventid, srcid as parentid, starttime, endtime, optype, hostname, amount From networkevent Where srcid=344 union Select id as eventid, srcid as parentid, starttime, endtime, optype, hostname, amount From fileevent Where srcid=344
Postgres - Forward query executed 0 s.
- internalJg vertices:17, edges:107
- jg vertices:19, edges:113; internalJg vertices:17, edges:107

+ jg vertices:19, edges:115

Select id as eventid, srcid as parentid, starttime, endtime, optype, hostname, 0 as amount From processevent Where srcid=296 union Select id as eventid, srcid as parentid, starttime, endtime, optype, hostname, amount From networkevent Where srcid=296 union Select id as eventid, srcid as parentid, starttime, endtime, optype, hostname, amount From fileevent Where srcid=296
Postgres - Forward query executed 0 s.
- internalJg vertices:22, edges:129
- jg vertices:19, edges:115; internalJg vertices:22, edges:129

+ jg vertices:24, edges:139

Select id as eventid, srcid as parentid, starttime, endtime, optype, hostname, 0 as amount From processevent Where srcid=346 union Select id as eventid, srcid as parentid, starttime, endtime, optype, hostname, amount From networkevent Where srcid=346 union Select id as eventid, srcid as parentid, starttime, endtime, optype, hostname, amount From fileevent Where srcid=346
Postgres - Forward query executed 0 s.
- internalJg vertices:18, edges:105
- jg vertices:24, edges:139; internalJg vertices:18, edges:105

+ jg vertices:25, edges:140

Select id as eventid, srcid as parentid, starttime, endtime, optype, hostname, 0 as amount From processevent Where srcid=354 union Select id as eventid, srcid as parentid, starttime, endtime, optype, hostname, amount From networkevent Where srcid=354 union Select id as eventid, srcid as parentid, starttime, endtime, optype, hostname, amount From fileevent Where srcid=354
Postgres - Forward query executed 0 s.
- internalJg vertices:18, edges:105
- jg vertices:25, edges:140; internalJg vertices:18, edges:105

+ jg vertices:26, edges:142

Select id as eventid, srcid as parentid, starttime, endtime, optype, hostname, 0 as amount From processevent Where srcid=233 union Select id as eventid, srcid as parentid, starttime, endtime, optype, hostname, amount From networkevent Where srcid=233 union Select id as eventid, srcid as parentid, starttime, endtime, optype, hostname, amount From fileevent Where srcid=233
Postgres - Forward query executed 0 s.
- internalJg vertices:32, edges:201
- jg vertices:26, edges:142; internalJg vertices:32, edges:201

+ jg vertices:36, edges:214

Select id as eventid, srcid as parentid, starttime, endtime, optype, hostname, 0 as amount From processevent Where srcid=231 union Select id as eventid, srcid as parentid, starttime, endtime, optype, hostname, amount From networkevent Where srcid=231 union Select id as eventid, srcid as parentid, starttime, endtime, optype, hostname, amount From fileevent Where srcid=231
Postgres - Forward query executed 0 s.
- internalJg vertices:32, edges:202
- jg vertices:36, edges:214; internalJg vertices:32, edges:202

+ jg vertices:37, edges:219

createIntersectJg-jg1: 113 vertices and 329 edges. jg2(union forward graphs generated by entry nodes): 37 vertices and 219 edges.
jgIntersect has: 34 vertices and 58 edges.
Executed in 4 seconds.
