select nt.id as nodeid, et.* from File nt join FileEvent et on nt.id=et.dstid where nt.name='\Device\HarddiskVolume2\ProgramData\update.ps1' and et.optype='write'
startNode: 365686 edgeTime:1523300807164000000Postgres - backward executed in 24 s.
jg generated by the first clause has: 251 vertices and 319 edges.
after CPR: 251 vertices and 319 edges.
PROJECTION (1/(abs(r.amount-st.amount)+0.0001), ln(1+1/abs(r.endtime-st.endtime)), count(out(v))/count(in(v)))
computeFinalWeights invoked!
Within-group scattering matrix sw:
After 223 times iteration, the reputation of each vertex is stable
Expression: count(in(n))=0
Operator: =
Value: 0
 @@@@@ Top 1: id: 91236(File) signature: 91236: \Device\HarddiskVolume2\Windows\System32\rasman.dll reputation: 0.9176812429678443
 @@@@@ Top 2: id: 365687(Network) signature: 365687: 128.55.12.67/32:57619->208.75.117.5/32:80 reputation: 0.9176812429678443
 @@@@@ Top 3: id: 365360(File) signature: 365360: \Device\HarddiskVolume2\Windows\System32\WindowsPowerShell\v1.0\powershell.exe.config reputation: 0.9176812429678443
Select id as eventid, srcid as parentid, starttime, endtime, optype, hostname, 0 as amount From processevent Where srcid=91236 union Select id as eventid, srcid as parentid, starttime, endtime, optype, hostname, amount From networkevent Where srcid=91236 union Select id as eventid, srcid as parentid, starttime, endtime, optype, hostname, amount From fileevent Where srcid=91236
Postgres - Forward query executed 0 s.
- internalJg vertices:9, edges:17
Select id as eventid, srcid as parentid, starttime, endtime, optype, hostname, 0 as amount From processevent Where srcid=365687 union Select id as eventid, srcid as parentid, starttime, endtime, optype, hostname, amount From networkevent Where srcid=365687 union Select id as eventid, srcid as parentid, starttime, endtime, optype, hostname, amount From fileevent Where srcid=365687
Postgres - Forward query executed 0 s.
- internalJg vertices:7, edges:15
- jg vertices:9, edges:17; internalJg vertices:7, edges:15

+ jg vertices:9, edges:17

Select id as eventid, srcid as parentid, starttime, endtime, optype, hostname, 0 as amount From processevent Where srcid=365360 union Select id as eventid, srcid as parentid, starttime, endtime, optype, hostname, amount From networkevent Where srcid=365360 union Select id as eventid, srcid as parentid, starttime, endtime, optype, hostname, amount From fileevent Where srcid=365360
Postgres - Forward query executed 0 s.
- internalJg vertices:16, edges:30
- jg vertices:9, edges:17; internalJg vertices:16, edges:30

+ jg vertices:18, edges:32

createIntersectJg-jg1: 251 vertices and 319 edges. jg2(union forward graphs generated by entry nodes): 18 vertices and 32 edges.
jgIntersect has: 7 vertices and 14 edges.
++ Union multi ProGQL graphs executed in 0 seconds.
finaljg has: 7 vertices and 14 edges.
Executed in 27 seconds.
