registerShutdownHook...
Neo4j traverse called!
pattern: (p:Process)-[st:FileEvent{optype:"write"}]->(f:File{name:"\\Device\\HarddiskVolume2\\Program Files\\Mozilla Firefox\\add-on\\hJauWl01"})
startTime: 1523546115221000000
startNode: 582231 edgeTime:1523546115514000000
jg generated by the first clause has: 8 vertices and 17 edges.
after CPR: 8 vertices and 17 edges.
PROJECTION (1/(abs(r.amount-st.amount)+0.0001), ln(1+1/abs(r.endtime-st.endtime)), count(out(v))/count(in(v)))
computeFinalWeights invoked!
Within-group scattering matrix sw:
After 56 times iteration, the reputation of each vertex is stable
Expression: count(in(n))=0
Operator: =
Value: 0
 @@@@@ Top 1: id: 13259(File) signature: 13259: \Device\HarddiskVolume2\Windows\Prefetch\PASS_MGR.EXE-8B30272C.pf reputation: 0.9515611851664596
Neo4j traverse called!
Neo4j - Forward Cypher executed 3 s.
- internalJg vertices:84208, edges:604836
createIntersectJg-jg1: 8 vertices and 17 edges. jg2(union forward graphs generated by entry nodes): 84208 vertices and 604836 edges.
jgIntersect has: 8 vertices and 17 edges.
++ Union multi ProGQL graphs executed in 0 seconds.
finaljg has: 8 vertices and 17 edges.
Executed in 204 seconds.
