registerShutdownHook...
Neo4j traverse called!
pattern: (p:Process)-[st:FileEvent{optype:"write"}]->(f:File{name:"/home/feishao/sysrep_random"})
startTime: 1679365829954085378
startNode: 1706 edgeTime:1679365829985208769
jg generated by the first clause has: 296 vertices and 46798 edges.
after CPR: 296 vertices and 1967 edges.
PROJECTION (1/(abs(r.amount-st.amount)+0.0001), ln(1+1/abs(r.endtime-st.endtime)), count(out(v))/count(in(v)))
computeFinalWeights invoked!
Within-group scattering matrix sw:
After 2319 times iteration, the reputation of each vertex is stable
Expression: count(in(n))=0
Operator: =
Value: 0
 @@@@@ Top 1: id: 1675(File) signature: 1675: /home/feishao/sysrep_test_temp/python_write_random_data.py reputation: 0.865182697996485
 @@@@@ Top 2: id: 1578(Network) signature: 1578: 129.22.31.135/32:33288->162.125.6.18/32:443 reputation: 0.2971906363546703
 @@@@@ Top 3: id: 115267(File) signature: 115267: /home/feishao/sysdigscripts/case6/case6.sh reputation: 0.2510528353495345
 @@@@@ Top 4: id: 1644(Network) signature: 1644: 129.22.31.135/32:36352->162.125.6.15/32:443 reputation: 0.2971906363546703
 @@@@@ Top 5: id: 1337(File) signature: 1337: /home/feishao/sysdigscripts/case1/case1.py reputation: 0.24289344544626665
Neo4j traverse called!
Neo4j - Forward Cypher executed 0 s.
- internalJg vertices:4, edges:8
Neo4j traverse called!
Neo4j - Forward Cypher executed 0 s.
- internalJg vertices:17, edges:98
- jg vertices:4, edges:8; internalJg vertices:17, edges:98

+ jg vertices:18, edges:103

Neo4j traverse called!
Neo4j - Forward Cypher executed 0 s.
- internalJg vertices:1, edges:0
- jg vertices:18, edges:103; internalJg vertices:1, edges:0

+ jg vertices:18, edges:103

Neo4j traverse called!
Neo4j - Forward Cypher executed 0 s.
- internalJg vertices:17, edges:58
- jg vertices:18, edges:103; internalJg vertices:17, edges:58

+ jg vertices:18, edges:103

Neo4j traverse called!
Neo4j - Forward Cypher executed 0 s.
- internalJg vertices:32, edges:204
- jg vertices:18, edges:103; internalJg vertices:32, edges:204

+ jg vertices:33, edges:209

createIntersectJg-jg1: 296 vertices and 1967 edges. jg2(union forward graphs generated by entry nodes): 33 vertices and 209 edges.
jgIntersect has: 31 vertices and 65 edges.
++ Union multi ProGQL graphs executed in 0 seconds.
finaljg has: 31 vertices and 65 edges.
Executed in 98 seconds.
