registerShutdownHook...
Neo4j traverse called!
pattern: (p:Process)-[st:NetworkEvent{id:19396}]->(f:Network{srcip:"192.168.1.131/32",dstip:"192.168.1.128/32",hostid:"1"})
startTime: 1724731988353511712
startNode: 577 edgeTime:1724731988353526987
jg generated by the first clause has: 157 vertices and 5717 edges.
after CPR: 157 vertices and 384 edges.
PROJECTION (1/(abs(r.amount-st.amount)+0.0001), ln(1+1/abs(r.endtime-st.endtime)), count(out(v))/count(in(v)))
computeFinalWeights invoked!
Within-group scattering matrix sw:
After 2097 times iteration, the reputation of each vertex is stable
Expression: count(in(n))=0
Operator: =
Value: 0
 @@@@@ Top 1: id: 400(File) signature: 400: /root/.ssh/id_rsa.pub reputation: 0.44976612575087943
 @@@@@ Top 2: id: 577(Network) signature: 577: 192.168.1.131/32:59366->192.168.1.128/32:22 reputation: 1.0
 @@@@@ Top 3: id: 398(File) signature: 398: /etc/services reputation: 0.44971139946325
 @@@@@ Top 4: id: 569(Network) signature: 569: 192.168.1.131/32:59844->192.168.1.123/32:9001 reputation: 0.38672945425161326
Neo4j traverse called!
Neo4j - Forward Cypher executed 0 s.
- internalJg vertices:25, edges:4851
Neo4j traverse called!
Neo4j - Forward Cypher executed 0 s.
- internalJg vertices:1, edges:0
- jg vertices:25, edges:4851; internalJg vertices:1, edges:0

+ jg vertices:25, edges:4851

Neo4j traverse called!
Neo4j - Forward Cypher executed 0 s.
- internalJg vertices:25, edges:4851
- jg vertices:25, edges:4851; internalJg vertices:25, edges:4851

+ jg vertices:26, edges:4855

Neo4j traverse called!
Neo4j - Forward Cypher executed 0 s.
- internalJg vertices:9, edges:119
- jg vertices:26, edges:4855; internalJg vertices:9, edges:119

+ jg vertices:26, edges:4855

createIntersectJg-jg1: 157 vertices and 384 edges. jg2(union forward graphs generated by entry nodes): 26 vertices and 4855 edges.
jgIntersect has: 23 vertices and 51 edges.
#####MATCH (p:Process)-[st:FileEvent{optype:"write"}]->(f:File{name:"/tmp/leaked.tar.bz2",hostid:"2"}) BFS (r IN backward (f) | MATCH v=dst(r) WHERE r.starttime<max(collect(vout IN out(v) | vout.endtime))) YIELD g1 UNWIND g1 AS e SET e.weight=PROJECTION (1/(abs(r.amount-st.amount)+0.0001), ln(1+1/abs(r.endtime-st.endtime)), count(out(v))/count(in(v))) MATCH u=src(e) SET u.rel=REDUCE (sum=0 , o IN out(u) | sum+o.weight*dst(o).rel) RETURN g1 intersect WITH entry = MATCH n IN nodes(r) WHERE count(in(n))=0 ORDER BY n.rel DESC LIMIT 6 BFS (re IN forward (entry) | MATCH u=src(re) WHERE re.endtime>min(collect(uin IN in(u) | uin.starttime)) and re.starttime<1724732088896904555) YIELD g2 RETURN g2
Neo4j traverse called!
pattern: (p:Process)-[st:FileEvent{optype:"write"}]->(f:File{name:"/tmp/leaked.tar.bz2",hostid:"2"})
startTime: 1724732088896905616
startNode: 4411 edgeTime:1724732088896911090
jg generated by the first clause has: 256 vertices and 18460 edges.
after CPR: 256 vertices and 1292 edges.
PROJECTION (1/(abs(r.amount-st.amount)+0.0001), ln(1+1/abs(r.endtime-st.endtime)), count(out(v))/count(in(v)))
computeFinalWeights invoked!
Within-group scattering matrix sw:
After 2337 times iteration, the reputation of each vertex is stable
Expression: count(in(n))=0
Operator: =
Value: 0
 @@@@@ Top 1: id: 4399(File) signature: 4399: /root/.profile reputation: 0.8358104861573855
 @@@@@ Top 2: id: 3230(Network) signature: 3230: 192.168.1.128/32:48216->162.125.3.18/32:443 reputation: 0.3751899942320763
 @@@@@ Top 3: id: 4407(File) signature: 4407: /root/.bash_history reputation: 0.8358104861573855
 @@@@@ Top 4: id: 3236(Network) signature: 3236: 192.168.1.128/32:42050->162.125.3.15/32:443 reputation: 0.3751899942320763
 @@@@@ Top 5: id: 3255(File) signature: 3255: /root/.gnupg/pubring.kbx reputation: 0.501371021367067
 @@@@@ Top 6: id: 4111(Network) signature: 4111: 192.168.1.131/32:36314->192.168.1.128/32:22 reputation: 0.31924692665011983
Neo4j traverse called!
Neo4j - Forward Cypher executed 0 s.
- internalJg vertices:9, edges:56
Neo4j traverse called!
Neo4j - Forward Cypher executed 0 s.
- internalJg vertices:412, edges:18367
- jg vertices:9, edges:56; internalJg vertices:412, edges:18367

+ jg vertices:413, edges:18369

Neo4j traverse called!
Neo4j - Forward Cypher executed 0 s.
- internalJg vertices:9, edges:55
- jg vertices:413, edges:18369; internalJg vertices:9, edges:55

+ jg vertices:414, edges:18370

Neo4j traverse called!
Neo4j - Forward Cypher executed 0 s.
- internalJg vertices:412, edges:18351
- jg vertices:414, edges:18370; internalJg vertices:412, edges:18351

+ jg vertices:414, edges:18370

Neo4j traverse called!
Neo4j - Forward Cypher executed 0 s.
- internalJg vertices:365, edges:8666
- jg vertices:414, edges:18370; internalJg vertices:365, edges:8666

+ jg vertices:415, edges:18375

Neo4j traverse called!
Neo4j - Forward Cypher executed 0 s.
- internalJg vertices:161, edges:360
- jg vertices:415, edges:18375; internalJg vertices:161, edges:360

+ jg vertices:422, edges:18390

createIntersectJg-jg1: 256 vertices and 1292 edges. jg2(union forward graphs generated by entry nodes): 422 vertices and 18390 edges.
jgIntersect has: 104 vertices and 230 edges.
** ProGQL graphs executed in 4 seconds.
++ Union multi ProGQL graphs executed in 4 seconds.
finaljg has: 127 vertices and 281 edges.
Executed in 16 seconds.
