select nt.id as nodeid, et.* from File nt join FileEvent et on nt.id=et.dstid where nt.name='/home/feishao/sysdigscripts/case6/malicious.py' and et.optype='rename'
startNode: 115337 edgeTime:1679365826393468458Postgres - backward executed in 50 s.
jg generated by the first clause has: 283 vertices and 46454 edges.
after CPR: 283 vertices and 1756 edges.
PROJECTION (1/(abs(r.amount-st.amount)+0.0001), ln(1+1/abs(r.endtime-st.endtime)), count(out(v))/count(in(v)))
PageRankIteration called!!!!!!!!!!!!!!!!!!
PageRankIteration - After 2328 times iteration, the reputation of each vertex is stable
PageRankIteration execution time is: 0.547
Expression: count(in(n))=0
Operator: =
Value: 0
 @@@@@ Top 1: id: 115267 signature: 115267: /home/feishao/sysdigscripts/case6/case6.sh reputation: 0.41601433388732834
 @@@@@ Top 2: id: 115293 signature: 115293: 129.22.31.135/32:36694->162.125.6.18/32:443 reputation: 0.4258228455274228
 @@@@@ Top 3: id: 115270 signature: 115270: /home/feishao/sysdigscripts/case6/ping_others.sh reputation: 0.3040859277432753
Select id as eventid, srcid as parentid, starttime, endtime, optype, hostname, 0 as amount From processevent Where srcid=115267 union Select id as eventid, srcid as parentid, starttime, endtime, optype, hostname, amount From networkevent Where srcid=115267 union Select id as eventid, srcid as parentid, starttime, endtime, optype, hostname, amount From fileevent Where srcid=115267
Postgres - Forward query executed 0 s.
- internalJg vertices:22, edges:128
Select id as eventid, srcid as parentid, starttime, endtime, optype, hostname, 0 as amount From processevent Where srcid=115293 union Select id as eventid, srcid as parentid, starttime, endtime, optype, hostname, amount From networkevent Where srcid=115293 union Select id as eventid, srcid as parentid, starttime, endtime, optype, hostname, amount From fileevent Where srcid=115293
Postgres - Forward query executed 0 s.
- internalJg vertices:10, edges:83
- jg vertices:22, edges:128; internalJg vertices:10, edges:83

+ jg vertices:22, edges:128

Select id as eventid, srcid as parentid, starttime, endtime, optype, hostname, 0 as amount From processevent Where srcid=115270 union Select id as eventid, srcid as parentid, starttime, endtime, optype, hostname, amount From networkevent Where srcid=115270 union Select id as eventid, srcid as parentid, starttime, endtime, optype, hostname, amount From fileevent Where srcid=115270
Postgres - Forward query executed 0 s.
- internalJg vertices:22, edges:127
- jg vertices:22, edges:128; internalJg vertices:22, edges:127

+ jg vertices:23, edges:131

createIntersectJg-jg1: 283 vertices and 1756 edges. jg2(union forward graphs generated by entry nodes): 23 vertices and 131 edges.
jgIntersect has: 22 vertices and 48 edges.
Executed in 55 seconds.
