select nt.id as nodeid, et.* from File nt join FileEvent et on nt.id=et.dstid where nt.name='/tmp/tcexec' and et.optype='write'
startNode: 43908806 edgeTime:1523643618976000000Postgres - backward executed in 106 s.
jg generated by the first clause has: 267 vertices and 827 edges.
after CPR: 267 vertices and 827 edges.
PROJECTION (1/(abs(r.amount-st.amount)+0.0001), ln(1+1/abs(r.endtime-st.endtime)), count(out(v))/count(in(v)))
PageRankIteration called!!!!!!!!!!!!!!!!!!
PageRankIteration - After 2348 times iteration, the reputation of each vertex is stable
PageRankIteration execution time is: 0.454
Expression: count(in(n))=0
Operator: =
Value: 0
 @@@@@ Top 1: id: 13223 signature: 13223: /etc/nsswitch.conf reputation: 0.398920272014926
 @@@@@ Top 2: id: 43908804 signature: 43908804: 128.55.12.118/32:54159->128.55.12.73/32:143 reputation: 0.9793097744142814
 @@@@@ Top 3: id: 43908790 signature: 43908790: bash reputation: 0.9793097744142814
Select id as eventid, srcid as parentid, starttime, endtime, optype, hostname, 0 as amount From processevent Where srcid=13223 union Select id as eventid, srcid as parentid, starttime, endtime, optype, hostname, amount From networkevent Where srcid=13223 union Select id as eventid, srcid as parentid, starttime, endtime, optype, hostname, amount From fileevent Where srcid=13223
Postgres - Forward query executed 0 s.
- internalJg vertices:359910, edges:1014170
Select id as eventid, srcid as parentid, starttime, endtime, optype, hostname, 0 as amount From processevent Where srcid=43908804 union Select id as eventid, srcid as parentid, starttime, endtime, optype, hostname, amount From networkevent Where srcid=43908804 union Select id as eventid, srcid as parentid, starttime, endtime, optype, hostname, amount From fileevent Where srcid=43908804
Postgres - Forward query executed 0 s.
- internalJg vertices:11, edges:17
- jg vertices:359910, edges:1014170; internalJg vertices:11, edges:17

+ jg vertices:359910, edges:1014170

Select id as eventid, srcid as parentid, starttime, endtime, optype, hostname, 0 as amount From processevent Where srcid=43908790 union Select id as eventid, srcid as parentid, starttime, endtime, optype, hostname, amount From networkevent Where srcid=43908790 union Select id as eventid, srcid as parentid, starttime, endtime, optype, hostname, amount From fileevent Where srcid=43908790
Postgres - Forward query executed 0 s.
- internalJg vertices:1, edges:0
- jg vertices:359910, edges:1014170; internalJg vertices:1, edges:0

+ jg vertices:359910, edges:1014170

createIntersectJg-jg1: 267 vertices and 827 edges. jg2(union forward graphs generated by entry nodes): 359910 vertices and 1014170 edges.
jgIntersect has: 154 vertices and 471 edges.
Executed in 864 seconds.
