select nt.id as nodeid, et.* from File nt join FileEvent et on nt.id=et.dstid where nt.name='/tmp/tcexec' and et.optype='write'
startNode: 43908806 edgeTime:1523643618976000000Postgres - backward executed in 101 s.
jg generated by the backtrack has: 267 vertices and 827 edges.
after CPR: 267 vertices and 827 edges.
PROJECTION (1/(abs(r.amount-st.amount)+0.0001), ln(1+1/abs(r.endtime-st.endtime)), count(out(v))/count(in(v)))
computeFinalWeights invoked!
Within-group scattering matrix sw:
PageRankIteration called!!!!!!!!!!!!!!!!!!
PageRankIteration - After 2350 times iteration, the reputation of each vertex is stable
PageRankIteration execution time is: 0.422
Expression: count(in(n))=0
Operator: =
Value: 0
 @@@@@ Top 1: id: 13223(File) signature: 13223: /etc/nsswitch.conf reputation: 0.4018378552950682
 @@@@@ Top 2: id: 43908804(Network) signature: 43908804: 128.55.12.118/32:54159->128.55.12.73/32:143 reputation: 0.9800109664206998
 @@@@@ Top 3: id: 94124(File) signature: 94124: /etc/localtime reputation: 0.40183657080724333
Select id as eventid, srcid as parentid, starttime, endtime, optype, hostname, 0 as amount From processevent Where srcid=13223 union Select id as eventid, srcid as parentid, starttime, endtime, optype, hostname, amount From networkevent Where srcid=13223 union Select id as eventid, srcid as parentid, starttime, endtime, optype, hostname, amount From fileevent Where srcid=13223
Postgres - Forward query executed 0 s.
- internalJg vertices:359910, edges:1014170
Select id as eventid, srcid as parentid, starttime, endtime, optype, hostname, 0 as amount From processevent Where srcid=43908804 union Select id as eventid, srcid as parentid, starttime, endtime, optype, hostname, amount From networkevent Where srcid=43908804 union Select id as eventid, srcid as parentid, starttime, endtime, optype, hostname, amount From fileevent Where srcid=43908804
Postgres - Forward query executed 0 s.
- internalJg vertices:11, edges:17
Select id as eventid, srcid as parentid, starttime, endtime, optype, hostname, 0 as amount From processevent Where srcid=94124 union Select id as eventid, srcid as parentid, starttime, endtime, optype, hostname, amount From networkevent Where srcid=94124 union Select id as eventid, srcid as parentid, starttime, endtime, optype, hostname, amount From fileevent Where srcid=94124
Postgres - Forward query executed 0 s.
- internalJg vertices:355725, edges:1003457
createIntersectJg-jg1: 267 vertices and 827 edges. jg2(union forward graphs generated by entry nodes): 367834 vertices and 1028353 edges.
jgIntersect has: 155 vertices and 474 edges.
1111111111111111111 finaljg has: 155 vertices and 474 edges.
finaljg has: 155 vertices and 474 edges.
Executed in 1271 seconds.
