registerShutdownHook...
select nt.id as nodeid, et.* from File nt join FileEvent et on nt.id=et.dstid where nt.name='/home/admin/clean' and et.optype='write'
startNode: 467224 edgeTime:1523385317249665654Mixed - backward executed in 207 s.
jg generated by the first clause has: 7261 vertices and 27397 edges.
after CPR: 7261 vertices and 27397 edges.
PROJECTION (1/(abs(r.amount-st.amount)+0.0001), ln(1+1/abs(r.endtime-st.endtime)), count(out(v))/count(in(v)))
PageRankIteration called!!!!!!!!!!!!!!!!!!
PageRankIteration - After 2717 times iteration, the reputation of each vertex is stable
PageRankIteration execution time is: 15.147
Expression: count(in(n))=0
Operator: =
Value: 0
 @@@@@ Top 1: id: 466762 signature: 466762: /run/shm/org.chromium.gYhgQ8 reputation: 0.08299758932271187
 @@@@@ Top 2: id: 467093 signature: 467093: 128.55.12.110/32:44354->146.153.68.151/32:80 reputation: 0.9568281869279125
Select id as eventid, srcid as parentid, starttime, endtime, optype, hostname, 0 as amount From processevent Where srcid=466762 union Select id as eventid, srcid as parentid, starttime, endtime, optype, hostname, amount From networkevent Where srcid=466762 union Select id as eventid, srcid as parentid, starttime, endtime, optype, hostname, amount From fileevent Where srcid=466762
Mixed - Forward sql query executed 0 s.
Mixed - Forward graphDb.findNode executed 0 s.
- internalJg vertices:571, edges:1398
Select id as eventid, srcid as parentid, starttime, endtime, optype, hostname, 0 as amount From processevent Where srcid=467093 union Select id as eventid, srcid as parentid, starttime, endtime, optype, hostname, amount From networkevent Where srcid=467093 union Select id as eventid, srcid as parentid, starttime, endtime, optype, hostname, amount From fileevent Where srcid=467093
Mixed - Forward sql query executed 0 s.
Mixed - Forward graphDb.findNode executed 0 s.
- internalJg vertices:14, edges:22
- jg vertices:571, edges:1398; internalJg vertices:14, edges:22

+ jg vertices:571, edges:1398

createIntersectJg-jg1: 7261 vertices and 27397 edges. jg2(union forward graphs generated by entry nodes): 571 vertices and 1398 edges.
jgIntersect has: 119 vertices and 339 edges.
Executed in 238 seconds.
