select nt.id as nodeid, et.* from file nt join fileevent et on nt.id=et.dstid where nt.name='/tmp/tcexec' and et.optype='write'
startNode: 43908806 edgeTime:1523643618976000000jg generated by the first clause has: 267 vertices and 827 edges.
after CPR: 267 vertices and 827 edges.
PROJECTION (1/(abs(r.amount-st.amount)+0.0001), ln(1+1/abs(r.endtime-st.endtime)), count(out(v))/count(in(v)))
computeFinalWeights invoked!
Within-group scattering matrix sw:
After 2422 times iteration, the reputation of each vertex is stable
Expression: count(in(n))=0
Operator: =
Value: 0
 @@@@@ Top 1: id: 170563(File) signature: 170563: /etc/mailcap reputation: 0.5448893891749426
 @@@@@ Top 2: id: 43908804(Network) signature: 43908804: 128.55.12.118:54159->128.55.12.73:143 reputation: 0.5456943583490212
 @@@@@ Top 3: id: 98416(File) signature: 98416: /etc/hosts reputation: 0.40922532850338594
Select id as eventid, srcid as parentid, starttime, endtime, optype, hostname, 0 as amount From processevent Where srcid=170563 union Select id as eventid, srcid as parentid, starttime, endtime, optype, hostname, amount From networkevent Where srcid=170563 union Select id as eventid, srcid as parentid, starttime, endtime, optype, hostname, amount From fileevent Where srcid=170563
- internalJg vertices:338387, edges:958501
Select id as eventid, srcid as parentid, starttime, endtime, optype, hostname, 0 as amount From processevent Where srcid=43908804 union Select id as eventid, srcid as parentid, starttime, endtime, optype, hostname, amount From networkevent Where srcid=43908804 union Select id as eventid, srcid as parentid, starttime, endtime, optype, hostname, amount From fileevent Where srcid=43908804
- internalJg vertices:11, edges:17
- jg vertices:338387, edges:958501; internalJg vertices:11, edges:17

+ jg vertices:338387, edges:958501

Select id as eventid, srcid as parentid, starttime, endtime, optype, hostname, 0 as amount From processevent Where srcid=98416 union Select id as eventid, srcid as parentid, starttime, endtime, optype, hostname, amount From networkevent Where srcid=98416 union Select id as eventid, srcid as parentid, starttime, endtime, optype, hostname, amount From fileevent Where srcid=98416
- internalJg vertices:585036, edges:1247312
- jg vertices:338387, edges:958501; internalJg vertices:585036, edges:1247312

+ jg vertices:586691, edges:1249621

createIntersectJg-jg1: 267 vertices and 827 edges. jg2(union forward graphs generated by entry nodes): 586691 vertices and 1249621 edges.
jgIntersect has: 155 vertices and 474 edges.
++ Union multi ProGQL graphs executed in 0 seconds.
finaljg has: 155 vertices and 474 edges.
Executed in 2824 seconds.
